<?xml version="1.0" encoding="UTF-8"?>
<!-- Generated by org.testng.reporters.JUnitReportReporter -->
<testsuite hostname="Hemendra" failures="0" tests="1" name="cucumberOptions.PomtestngRunner" time="22.350" errors="0" timestamp="2023-04-07T22:19:08 IST" skipped="0">
  <testcase classname="cucumberOptions.PomtestngRunner" name="runScenario" time="22.350"/>
  <system-out/>
</testsuite> <!-- cucumberOptions.PomtestngRunner -->
