<?xml version="1.0" encoding="UTF-8"?>
<!-- Generated by org.testng.reporters.JUnitReportReporter -->
<testsuite hostname="Hemendra" failures="0" tests="1" name="cucumberOptions.failedTestRunner" time="14.914" errors="0" timestamp="2023-04-07T02:27:08 IST" skipped="0">
  <testcase classname="cucumberOptions.failedTestRunner" name="runScenario" time="14.914"/>
  <system-out/>
</testsuite> <!-- cucumberOptions.failedTestRunner -->
